Array
(
    [fullname] => hassan
    [email] => admin@admin.com
    [password] => 12345678
    [confirmPassword] => 12345678
)
Array
(
)
Array
(
    [fullname] => hassan
    [email] => admin@admin.com
    [password] => 12345678
    [confirmPassword] => 12345678
)
Array
(
    [fullname] => hassan
    [email] => admin@admin.com
    [password] => 12345678
    [confirmPassword] => 12345678
)
Array
(
    [fullname] => hassan
    [email] => admin@admin.com
    [password] => 12345678
    [confirmPassword] => 12345678
)
Array
(
    [fullname] => hassan
    [email] => admin@admin.com
    [password] => 12345678
    [confirmPassword] => 12345678
)
Array
(
    [fullname] => hassan
    [email] => admin@admin.com
    [password] => 12345678
    [confirmPassword] => 12345678
)
Array
(
    [fullname] => hassan
    [email] => admin@admin.com
    [password] => 12345678
    [confirmPassword] => 12345678
)
